2026-03-03 02:36:32.930 [restartedMain] INFO  c.i.e.InvexEmployeeServiceApplication - Starting InvexEmployeeServiceApplication using Java 17.0.11 with PID 22736 (C:\Users\carlo\git\invex-employee-service\target\classes started by carlo in C:\Users\carlo\git\invex-employee-service)
2026-03-03 02:36:32.933 [restartedMain] DEBUG c.i.e.InvexEmployeeServiceApplication - Running with Spring Boot v3.2.5, Spring v6.1.6
2026-03-03 02:36:32.934 [restartedMain] INFO  c.i.e.InvexEmployeeServiceApplication - No active profile set, falling back to 1 default profile: "default"
2026-03-03 02:36:33.015 [restartedMain] INFO  o.s.b.d.e.DevToolsPropertyDefaultsPostProcessor - Devtools property defaults active! Set 'spring.devtools.add-properties' to 'false' to disable
2026-03-03 02:36:33.016 [restartedMain] INFO  o.s.b.d.e.DevToolsPropertyDefaultsPostProcessor - For additional web related logging consider setting the 'logging.level.web' property to 'DEBUG'
2026-03-03 02:36:34.257 [restartedMain] INFO  o.s.d.r.c.RepositoryConfigurationDelegate - Bootstrapping Spring Data JPA repositories in DEFAULT mode.
2026-03-03 02:36:34.388 [restartedMain] INFO  o.s.d.r.c.RepositoryConfigurationDelegate - Finished Spring Data repository scanning in 108 ms. Found 1 JPA repository interface.
2026-03-03 02:36:35.244 [restartedMain] INFO  o.s.b.w.e.tomcat.TomcatWebServer - Tomcat initialized with port 8080 (http)
2026-03-03 02:36:35.260 [restartedMain] INFO  o.a.catalina.core.StandardService - Starting service [Tomcat]
2026-03-03 02:36:35.260 [restartedMain] INFO  o.a.catalina.core.StandardEngine - Starting Servlet engine: [Apache Tomcat/10.1.20]
2026-03-03 02:36:35.320 [restartedMain] INFO  o.a.c.c.C.[Tomcat].[localhost].[/] - Initializing Spring embedded WebApplicationContext
2026-03-03 02:36:35.320 [restartedMain] INFO  o.s.b.w.s.c.ServletWebServerApplicationContext - Root WebApplicationContext: initialization completed in 2304 ms
2026-03-03 02:36:35.423 [restartedMain] INFO  com.zaxxer.hikari.HikariDataSource - HikariPool-1 - Starting...
2026-03-03 02:36:35.630 [restartedMain] INFO  com.zaxxer.hikari.pool.HikariPool - HikariPool-1 - Added connection conn0: url=jdbc:h2:mem:d3fc54ca-5a6c-4f51-a71a-0a749eb41492 user=SA
2026-03-03 02:36:35.631 [restartedMain] INFO  com.zaxxer.hikari.HikariDataSource - HikariPool-1 - Start completed.
2026-03-03 02:36:35.640 [restartedMain] INFO  o.s.b.a.h.H2ConsoleAutoConfiguration - H2 console available at '/h2-console'. Database available at 'jdbc:h2:mem:d3fc54ca-5a6c-4f51-a71a-0a749eb41492'
2026-03-03 02:36:35.806 [restartedMain] INFO  o.h.jpa.internal.util.LogHelper - HHH000204: Processing PersistenceUnitInfo [name: default]
2026-03-03 02:36:35.878 [restartedMain] INFO  org.hibernate.Version - HHH000412: Hibernate ORM core version 6.4.4.Final
2026-03-03 02:36:35.916 [restartedMain] INFO  o.h.c.i.RegionFactoryInitiator - HHH000026: Second-level cache disabled
2026-03-03 02:36:36.184 [restartedMain] INFO  o.s.o.j.p.SpringPersistenceUnitInfo - No LoadTimeWeaver setup: ignoring JPA class transformer
2026-03-03 02:36:37.066 [restartedMain] INFO  o.h.e.t.j.p.i.JtaPlatformInitiator - HHH000489: No JTA platform available (set 'hibernate.transaction.jta.platform' to enable JTA platform integration)
2026-03-03 02:36:37.084 [restartedMain] DEBUG org.hibernate.SQL - drop table if exists employees cascade 
2026-03-03 02:36:37.100 [restartedMain] DEBUG org.hibernate.SQL - create table employees (active boolean not null, age integer not null, birth_date date not null, gender varchar(1) not null, created_at timestamp(6) not null, id bigint generated by default as identity, first_name varchar(255) not null, last_name varchar(255) not null, middle_name varchar(255), position varchar(255) not null, second_last_name varchar(255) not null, primary key (id))
2026-03-03 02:36:37.118 [restartedMain] INFO  o.s.o.j.LocalContainerEntityManagerFactoryBean - Initialized JPA EntityManagerFactory for persistence unit 'default'
2026-03-03 02:36:37.591 [restartedMain] WARN  o.s.b.a.o.j.JpaBaseConfiguration$JpaWebConfiguration - spring.jpa.open-in-view is enabled by default. Therefore, database queries may be performed during view rendering. Explicitly configure spring.jpa.open-in-view to disable this warning
2026-03-03 02:36:38.328 [restartedMain] INFO  o.s.b.d.a.OptionalLiveReloadServer - LiveReload server is running on port 35729
2026-03-03 02:36:38.344 [restartedMain] INFO  o.s.b.a.e.web.EndpointLinksResolver - Exposing 1 endpoint(s) beneath base path '/actuator'
2026-03-03 02:36:38.430 [restartedMain] INFO  o.s.b.w.e.tomcat.TomcatWebServer - Tomcat started on port 8080 (http) with context path ''
2026-03-03 02:36:38.446 [restartedMain] INFO  c.i.e.InvexEmployeeServiceApplication - Started InvexEmployeeServiceApplication in 5.955 seconds (process running for 6.575)
2026-03-03 02:36:38.928 [RMI TCP Connection(10)-127.0.0.1] INFO  o.a.c.c.C.[Tomcat].[localhost].[/] - Initializing Spring DispatcherServlet 'dispatcherServlet'
2026-03-03 02:36:38.928 [RMI TCP Connection(10)-127.0.0.1] INFO  o.s.web.servlet.DispatcherServlet - Initializing Servlet 'dispatcherServlet'
2026-03-03 02:36:38.929 [RMI TCP Connection(10)-127.0.0.1] INFO  o.s.web.servlet.DispatcherServlet - Completed initialization in 1 ms
2026-03-03 02:36:52.739 [http-nio-8080-exec-1] DEBUG org.hibernate.SQL - insert into employees (active,age,birth_date,created_at,first_name,gender,last_name,middle_name,position,second_last_name,id) values (?,?,?,?,?,?,?,?,?,?,default)
2026-03-03 02:36:52.783 [http-nio-8080-exec-1] DEBUG org.hibernate.SQL - insert into employees (active,age,birth_date,created_at,first_name,gender,last_name,middle_name,position,second_last_name,id) values (?,?,?,?,?,?,?,?,?,?,default)
2026-03-03 02:37:10.246 [http-nio-8080-exec-3] DEBUG org.hibernate.SQL - select e1_0.id,e1_0.active,e1_0.age,e1_0.birth_date,e1_0.created_at,e1_0.first_name,e1_0.gender,e1_0.last_name,e1_0.middle_name,e1_0.position,e1_0.second_last_name from employees e1_0
